[27:7:2023:13:28:56] Application Started
[27:7:2023:13:28:59] User wl2028 logged in
[27:7:2023:13:28:59] Initializing Training Manager...
[27:7:2023:13:29:1] Loaded
[27:7:2023:13:29:1] Course 1 created
[27:7:2023:13:29:1] Course 2 created
[27:7:2023:13:29:1] Course 3 created
[27:7:2023:13:29:1] Course 4 created
[27:7:2023:13:29:1] Course 5 created
[27:7:2023:13:29:1] Courses Loaded
[27:7:2023:13:29:1] Employee 1 created
[27:7:2023:13:29:1] Employee 2 created
[27:7:2023:13:29:1] Employees Loaded
[27:7:2023:13:29:2] Training Manager Invoked
[27:7:2023:13:29:3] Generate report
[27:7:2023:13:29:8] Employee 1 deleted
[27:7:2023:13:29:8] Employee 2 deleted
[27:7:2023:13:29:8] Employee 2 deleted
[27:7:2023:13:29:8] Employee 1 deleted
[27:7:2023:13:30:4] Training Manager Invoked
[27:7:2023:13:30:5] Course Menu
[27:7:2023:13:30:5] Course 6 created
[27:7:2023:13:30:17] Course created & saved
[27:7:2023:13:30:17] Training Manager Invoked
[27:7:2023:13:30:19] Course Menu
[27:7:2023:13:30:19] Course 7 created
[27:7:2023:13:30:29] Course 7 deleted
[27:7:2023:13:30:29] Course creation cancelled
[27:7:2023:13:30:29] Training Manager Invoked
[27:7:2023:13:31:5] Application Started
[27:7:2023:13:31:7] User wl2028 logged in
[27:7:2023:13:31:7] Initializing Training Manager...
[27:7:2023:13:31:9] Course Menu
[27:7:2023:13:31:9] Course 1 created
[27:7:2023:13:31:9] Course created & saved
[27:7:2023:13:31:9] Course created & saved
[27:7:2023:13:31:10] Course created & saved
[27:7:2023:13:31:10] Course created & saved
[27:7:2023:13:31:10] Course created & saved
[27:7:2023:13:31:10] Course created & saved
[27:7:2023:13:31:11] Course created & saved
[27:7:2023:13:31:11] Course created & saved
[27:7:2023:13:31:11] Course created & saved
[27:7:2023:13:31:11] Course created & saved
[27:7:2023:13:31:19] Course 1 deleted
[27:7:2023:13:31:19] Course creation cancelled
[27:7:2023:13:31:19] Training Manager Invoked
[27:7:2023:13:31:22] Course Menu
[27:7:2023:13:31:22] Course 1 created
[27:7:2023:13:31:26] Course created & saved
[27:7:2023:13:31:27] Course 1 deleted
[27:7:2023:13:31:27] Course creation cancelled
[27:7:2023:13:31:27] Training Manager Invoked
[27:7:2023:13:31:27] Course Menu
[27:7:2023:13:31:27] Course 1 created
[27:7:2023:13:31:42] Course 1 deleted
[27:7:2023:13:31:42] Course creation cancelled
[27:7:2023:13:31:42] Training Manager Invoked
[27:7:2023:13:31:42] Course Menu
[27:7:2023:13:31:42] Course 1 created
[27:7:2023:13:31:43] Course created & saved
[27:7:2023:13:31:43] Course created & saved
[27:7:2023:13:31:44] Course 1 deleted
[27:7:2023:13:31:44] Course creation cancelled
[27:7:2023:13:31:44] Training Manager Invoked
[27:7:2023:13:31:44] Course Menu
[27:7:2023:13:31:44] Course 1 created
[27:7:2023:13:31:47] Course created & saved
[27:7:2023:13:31:47] Course 1 deleted
[27:7:2023:13:31:47] Course creation cancelled
[27:7:2023:13:31:47] Training Manager Invoked
[27:7:2023:13:31:48] Course Menu
[27:7:2023:13:31:48] Course 1 created
[27:7:2023:13:31:49] Course 1 deleted
[27:7:2023:13:31:49] Course creation cancelled
[27:7:2023:13:31:49] Training Manager Invoked
[27:7:2023:13:31:50] Employee Menu
[27:7:2023:13:31:50] Employee 1 created
[27:7:2023:13:31:51] Employee created & saved
[27:7:2023:13:31:52] Employee 1 deleted
[27:7:2023:13:31:52] Employee not created
[27:7:2023:13:31:52] Training Manager Invoked
[27:7:2023:13:31:52] Employee Menu
[27:7:2023:13:31:52] Employee 1 created
[27:7:2023:13:31:54] Employee created & saved
[27:7:2023:13:31:55] Employee created & saved
[27:7:2023:13:31:55] Employee created & saved
[27:7:2023:13:31:55] Employee created & saved
[27:7:2023:13:31:55] Employee 1 deleted
[27:7:2023:13:31:55] Employee not created
[27:7:2023:13:31:55] Training Manager Invoked
[27:7:2023:13:32:17] Loaded
[27:7:2023:13:32:17] Course 1 created
[27:7:2023:13:32:17] Course 2 created
[27:7:2023:13:32:17] Course 3 created
[27:7:2023:13:32:17] Course 4 created
[27:7:2023:13:32:17] Course 5 created
[27:7:2023:13:32:17] Courses Loaded
[27:7:2023:13:32:17] Employee 1 created
[27:7:2023:13:32:17] Employee 2 created
[27:7:2023:13:32:17] Employees Loaded
[27:7:2023:13:32:18] Training Manager Invoked
[27:7:2023:13:32:18] Course Menu
[27:7:2023:13:32:18] Course 20 created
[27:7:2023:13:32:21] Course created & saved
[27:7:2023:13:32:26] Course created & saved
[27:7:2023:13:32:27] Course 20 deleted
[27:7:2023:13:32:27] Course creation cancelled
[27:7:2023:13:32:27] Training Manager Invoked
[27:7:2023:13:32:28] Course Menu
[27:7:2023:13:32:28] Course 20 created
[27:7:2023:13:33:58] Application Started
[27:7:2023:13:34:1] User wl2028 logged in
[27:7:2023:13:34:1] Initializing Training Manager...
[27:7:2023:13:34:2] Course Menu
[27:7:2023:13:34:2] Course 1 created
[27:7:2023:13:34:3] Course created & saved
[27:7:2023:13:34:3] Training Manager Invoked
[27:7:2023:13:34:3] Course Menu
[27:7:2023:13:34:3] Course 2 created
[27:7:2023:13:34:3] Course created & saved
[27:7:2023:13:34:3] Training Manager Invoked
[27:7:2023:13:34:3] Course Menu
[27:7:2023:13:34:3] Course 3 created
[27:7:2023:13:34:3] Course created & saved
[27:7:2023:13:34:3] Training Manager Invoked
[27:7:2023:13:34:3] Course Menu
[27:7:2023:13:34:3] Course 4 created
[27:7:2023:13:34:4] Course created & saved
[27:7:2023:13:34:4] Training Manager Invoked
[27:7:2023:13:34:4] Employee Menu
[27:7:2023:13:34:4] Employee 1 created
[27:7:2023:13:34:4] Employee created & saved
[27:7:2023:13:34:4] Training Manager Invoked
[27:7:2023:13:34:5] Employee Menu
[27:7:2023:13:34:5] Employee 2 created
[27:7:2023:13:34:5] Employee created & saved
[27:7:2023:13:34:5] Training Manager Invoked
[27:7:2023:13:34:5] Course Menu
[27:7:2023:13:34:5] Course 5 created
[27:7:2023:13:34:5] Course created & saved
[27:7:2023:13:34:5] Training Manager Invoked
[27:7:2023:13:34:8] Generate report
[27:7:2023:13:34:11] Employee 1 deleted
[27:7:2023:13:34:11] Employee 2 deleted
[27:7:2023:13:34:11] Employee 2 deleted
[27:7:2023:13:34:11] Employee 1 deleted
[27:7:2023:13:34:28] Training Manager Invoked
[27:7:2023:13:34:30] Update Menu
[27:7:2023:13:58:8] 
Application Started
[27:7:2023:13:58:11] User wl2028 logged in
[27:7:2023:13:58:11] Initializing Training Manager
[27:7:2023:13:58:13] Course Menu
[27:7:2023:13:58:13] Course 1 instance created
[27:7:2023:13:58:13] Course 1 created
[27:7:2023:13:58:13] Training Manager Invoked
[27:7:2023:13:58:13] Course Menu
[27:7:2023:13:58:13] Course 2 instance created
[27:7:2023:13:58:13] Course 2 created
[27:7:2023:13:58:13] Training Manager Invoked
[27:7:2023:13:58:14] Course Menu
[27:7:2023:13:58:14] Course 3 instance created
[27:7:2023:13:58:14] Course 3 created
[27:7:2023:13:58:14] Training Manager Invoked
[27:7:2023:13:58:14] Course Menu
[27:7:2023:13:58:14] Course 4 instance created
[27:7:2023:13:58:14] Course 4 created
[27:7:2023:13:58:14] Training Manager Invoked
[27:7:2023:13:58:14] Employee Menu
[27:7:2023:13:58:14] Employee 1 instance created
[27:7:2023:13:58:15] Employee 1 created
[27:7:2023:13:58:15] Training Manager Invoked
[27:7:2023:13:58:16] Employee Menu
[27:7:2023:13:58:16] Employee 2 instance created
[27:7:2023:13:58:16] Employee 2 created
[27:7:2023:13:58:16] Training Manager Invoked
[27:7:2023:13:58:18] Enroll employee Menu
[27:7:2023:13:58:18] Enroll Employee
[27:7:2023:13:58:20] Employee 1 selected
[27:7:2023:13:58:22] Course 3 selected
[27:7:2023:13:58:23] Employee 1 enrolled in course 3
[27:7:2023:13:58:24] View Enrollments
[27:7:2023:13:58:26] Returning to Main Menu
[27:7:2023:13:58:26] Training Manager Invoked
[27:7:2023:13:58:27] Courses data saved
[27:7:2023:13:58:27] Employees data saved
[27:7:2023:13:58:27] Enrollment data saved
[27:7:2023:13:58:27] Saved
[27:7:2023:13:58:28] Training Manager Invoked
[27:7:2023:14:3:49] 
Application Started
[27:7:2023:14:3:52] User wl2028 logged in
[27:7:2023:14:3:52] Initializing Training Manager
[27:7:2023:14:3:53] Course 1 instance created
[27:7:2023:14:3:53] Course 2 instance created
[27:7:2023:14:3:53] Course 3 instance created
[27:7:2023:14:3:53] Course 4 instance created
[27:7:2023:14:3:53] Courses data loaded
[27:7:2023:14:3:53] Employee 1 instance created
[27:7:2023:14:3:53] Employee 2 instance created
[27:7:2023:14:3:53] Employees data loaded
[27:7:2023:14:3:53] Course 3 instance deleted
[27:7:2023:14:3:53] Employee 1 instance deleted
[27:7:2023:14:3:53] Enrollment data loaded
[27:7:2023:14:3:53] Loaded
[27:7:2023:14:3:55] Training Manager Invoked
[27:7:2023:14:3:56] Enroll employee Menu
[27:7:2023:14:3:57] View Enrollments
[27:7:2023:14:3:57] Exception : std::bad_alloc
[27:7:2023:14:8:17] 
Application Started
[27:7:2023:14:8:20] User wl2028 logged in
[27:7:2023:14:8:20] Initializing Training Manager
[27:7:2023:14:8:22] Course 1 instance created
[27:7:2023:14:8:22] Course 2 instance created
[27:7:2023:14:8:22] Course 3 instance created
[27:7:2023:14:8:22] Course 4 instance created
[27:7:2023:14:8:22] Courses data loaded
[27:7:2023:14:8:22] Employee 1 instance created
[27:7:2023:14:8:22] Employee 2 instance created
[27:7:2023:14:8:22] Employees data loaded
[27:7:2023:14:8:27] Course 3 instance deleted
[27:7:2023:14:8:27] Employee 1 instance deleted
[27:7:2023:14:8:27] Enrollment data loaded
[27:7:2023:14:8:27] Loaded
[27:7:2023:14:8:28] Training Manager Invoked
[27:7:2023:14:8:30] Enroll employee Menu
[27:7:2023:14:8:31] View Enrollments
[27:7:2023:14:8:31] Exception : std::bad_alloc
[27:7:2023:14:12:47] 
Application Started
[27:7:2023:14:12:52] User wl2028 logged in
[27:7:2023:14:12:52] Initializing Training Manager
[27:7:2023:14:12:53] Course 1 instance created
[27:7:2023:14:12:53] Course 2 instance created
[27:7:2023:14:12:53] Course 3 instance created
[27:7:2023:14:12:53] Course 4 instance created
[27:7:2023:14:12:53] Courses data loaded
[27:7:2023:14:12:53] Employee 1 instance created
[27:7:2023:14:12:53] Employee 2 instance created
[27:7:2023:14:12:53] Employees data loaded
[27:7:2023:14:12:54] Course 3 instance deleted
[27:7:2023:14:12:54] Employee 1 instance deleted
[27:7:2023:14:12:54] Enrollment data loaded
[27:7:2023:14:12:54] Loaded
[27:7:2023:14:12:54] Training Manager Invoked
[27:7:2023:14:12:56] Enroll employee Menu
[27:7:2023:14:12:57] View Enrollments
[27:7:2023:14:12:57] Exception : std::bad_alloc
[27:7:2023:14:13:51] 
Application Started
[27:7:2023:14:13:54] User wl2028 logged in
[27:7:2023:14:13:54] Initializing Training Manager
[27:7:2023:14:13:55] Course 1 instance created
[27:7:2023:14:13:55] Course 2 instance created
[27:7:2023:14:13:55] Course 3 instance created
[27:7:2023:14:13:55] Course 4 instance created
[27:7:2023:14:13:55] Courses data loaded
[27:7:2023:14:13:55] Employee 1 instance created
[27:7:2023:14:13:55] Employee 2 instance created
[27:7:2023:14:13:55] Employees data loaded
[27:7:2023:14:13:56] Course 3 instance deleted
[27:7:2023:14:13:56] Employee 1 instance deleted
[27:7:2023:14:14:0] Enrollment data loaded
[27:7:2023:14:14:0] Loaded
[27:7:2023:14:14:1] Training Manager Invoked
[27:7:2023:14:14:49] 
Application Started
[27:7:2023:14:14:52] User wl2028 logged in
[27:7:2023:14:14:52] Initializing Training Manager
[27:7:2023:14:14:53] Course 1 instance created
[27:7:2023:14:14:53] Course 2 instance created
[27:7:2023:14:14:53] Course 3 instance created
[27:7:2023:14:14:53] Course 4 instance created
[27:7:2023:14:14:53] Courses data loaded
[27:7:2023:14:14:53] Employee 1 instance created
[27:7:2023:14:14:53] Employee 2 instance created
[27:7:2023:14:14:53] Employees data loaded
[27:7:2023:14:14:53] Course 3 instance deleted
[27:7:2023:14:14:53] Employee 1 instance deleted
[27:7:2023:14:15:1] Enrollment data loaded
[27:7:2023:14:15:1] Loaded
[27:7:2023:14:22:16] 
Application Started
[27:7:2023:14:22:19] User wl2028 logged in
[27:7:2023:14:22:19] Initializing Training Manager
[27:7:2023:14:22:21] Course 1 instance created
[27:7:2023:14:22:21] Course 2 instance created
[27:7:2023:14:22:21] Course 3 instance created
[27:7:2023:14:22:21] Course 4 instance created
[27:7:2023:14:22:21] Courses data loaded
[27:7:2023:14:22:21] Employee 1 instance created
[27:7:2023:14:22:21] Employee 2 instance created
[27:7:2023:14:22:21] Employees data loaded
[27:7:2023:14:22:21] Course 3 instance deleted
[27:7:2023:14:22:21] Employee 1 instance deleted
[27:7:2023:14:22:21] Enrollment data loaded
[27:7:2023:14:22:47] 
Application Started
[27:7:2023:14:22:50] User wl2028 logged in
[27:7:2023:14:22:50] Initializing Training Manager
[27:7:2023:14:22:52] Generate report
[27:7:2023:14:22:53] Course Report Generated
[27:7:2023:14:24:31] 
Application Started
[27:7:2023:14:24:34] User wl2028 logged in
[27:7:2023:14:24:34] Initializing Training Manager
[27:7:2023:14:24:35] Course Menu
[27:7:2023:14:24:35] Course 1 instance created
[27:7:2023:14:24:58] Course 1 created
[27:7:2023:14:24:58] Training Manager Invoked
[27:7:2023:14:24:59] Course Menu
[27:7:2023:14:24:59] Course 2 instance created
[27:7:2023:14:25:30] Course 2 created
[27:7:2023:14:25:30] Training Manager Invoked
[27:7:2023:14:25:30] Course Menu
[27:7:2023:14:25:30] Course 3 instance created
[27:7:2023:14:25:52] Course 3 created
[27:7:2023:14:25:52] Training Manager Invoked
[27:7:2023:14:25:55] Employee Menu
[27:7:2023:14:25:55] Employee 1 instance created
[27:7:2023:14:26:28] Employee 1 created
[27:7:2023:14:26:28] Training Manager Invoked
[27:7:2023:14:26:29] Employee Menu
[27:7:2023:14:26:29] Employee 2 instance created
[27:7:2023:14:26:54] Employee 2 created
[27:7:2023:14:26:54] Training Manager Invoked
[27:7:2023:14:26:55] Employee Menu
[27:7:2023:14:26:55] Employee 3 instance created
[27:7:2023:14:27:35] Employee 3 created
[27:7:2023:14:27:35] Training Manager Invoked
[27:7:2023:14:27:36] Employee Menu
[27:7:2023:14:27:36] Employee 4 instance created
[27:7:2023:14:28:6] Employee 4 created
[27:7:2023:14:28:6] Training Manager Invoked
[27:7:2023:14:28:9] Generate report
[27:7:2023:14:28:16] Training Manager Invoked
[27:7:2023:14:28:18] Course Menu
[27:7:2023:14:28:18] Course 4 instance created
[27:7:2023:14:28:20] Course 4 instance deleted
[27:7:2023:14:28:20] Course creation cancelled
[27:7:2023:14:28:20] Training Manager Invoked
[27:7:2023:14:28:23] Generate report
[27:7:2023:14:28:24] Training Manager Invoked
[27:7:2023:14:28:26] Generate report
[27:7:2023:14:28:27] Employee 1 instance deleted
[27:7:2023:14:28:27] Employee 2 instance deleted
[27:7:2023:14:28:27] Employee 3 instance deleted
[27:7:2023:14:28:27] Employee 4 instance deleted
[27:7:2023:14:28:27] Employee 3 instance deleted
[27:7:2023:14:28:27] Employee 2 instance deleted
[27:7:2023:14:28:27] Employee 4 instance deleted
[27:7:2023:14:28:27] Employee 1 instance deleted
[27:7:2023:14:28:27] Course Report Generated
[27:7:2023:14:28:41] Training Manager Invoked
[27:7:2023:14:28:42] Course Menu
[27:7:2023:14:28:42] Course 4 instance created
[27:7:2023:14:28:48] Course 4 instance deleted
[27:7:2023:14:28:48] Course creation cancelled
[27:7:2023:14:28:48] Training Manager Invoked
[27:7:2023:14:28:48] Employee Menu
[27:7:2023:14:28:48] Employee -3 instance created
[27:7:2023:14:28:50] Employee -3 instance deleted
[27:7:2023:14:28:50] Employee creation cancelled
[27:7:2023:14:28:50] Training Manager Invoked
[27:7:2023:14:28:51] Employee Menu
[27:7:2023:14:28:51] Employee -3 instance created
[27:7:2023:14:28:52] Employee -3 instance deleted
[27:7:2023:14:28:52] Employee creation cancelled
[27:7:2023:14:28:52] Training Manager Invoked
[27:7:2023:14:29:49] 
Application Started
[27:7:2023:14:29:53] User wl2028 logged in
[27:7:2023:14:29:53] Initializing Training Manager
[27:7:2023:14:29:53] Course Menu
[27:7:2023:14:29:53] Course 1 instance created
[27:7:2023:14:30:7] Course 1 created
[27:7:2023:14:30:7] Training Manager Invoked
[27:7:2023:14:30:7] Course Menu
[27:7:2023:14:30:7] Course 2 instance created
[27:7:2023:14:30:24] Course 2 created
[27:7:2023:14:30:24] Training Manager Invoked
[27:7:2023:14:30:25] Course Menu
[27:7:2023:14:30:25] Course 3 instance created
[27:7:2023:14:30:44] Course 3 created
[27:7:2023:14:30:44] Training Manager Invoked
[27:7:2023:14:30:45] Employee Menu
[27:7:2023:14:30:45] Employee 1 instance created
[27:7:2023:14:31:8] Employee 1 created
[27:7:2023:14:31:8] Training Manager Invoked
[27:7:2023:14:31:9] Employee Menu
[27:7:2023:14:31:9] Employee 2 instance created
[27:7:2023:14:31:30] Employee 2 created
[27:7:2023:14:31:30] Training Manager Invoked
[27:7:2023:14:31:31] Employee Menu
[27:7:2023:14:31:31] Employee 3 instance created
[27:7:2023:14:32:0] Employee 3 created
[27:7:2023:14:32:0] Training Manager Invoked
[27:7:2023:14:32:3] Generate report
[27:7:2023:14:32:7] Training Manager Invoked
[27:7:2023:14:32:10] Enroll employee Menu
[27:7:2023:14:32:11] Enroll Employee
[27:7:2023:14:32:13] Employee 1 selected
[27:7:2023:14:32:14] Course 1 selected
[27:7:2023:14:32:14] Course 1 instance deleted
[27:7:2023:14:32:14] Employee 1 instance deleted
[27:7:2023:14:32:14] Employee 1 enrolled in course 1
[27:7:2023:14:32:15] Enroll Employee
[27:7:2023:14:32:17] Employee 2 selected
[27:7:2023:14:32:18] Course 2 selected
[27:7:2023:14:32:19] Course 2 instance deleted
[27:7:2023:14:32:19] Employee 2 instance deleted
[27:7:2023:14:32:19] Employee 2 enrolled in course 2
[27:7:2023:14:32:19] Enroll Employee
[27:7:2023:14:32:21] Employee 3 selected
[27:7:2023:14:32:22] Course 1 selected
[27:7:2023:14:32:23] Course 1 instance deleted
[27:7:2023:14:32:23] Employee 3 instance deleted
[27:7:2023:14:32:23] Employee 3 enrolled in course 1
[27:7:2023:14:32:23] Enroll Employee
[27:7:2023:14:32:25] Employee 3 selected
[27:7:2023:14:32:27] Course 1 selected
[27:7:2023:14:32:27] Course 1 instance deleted
[27:7:2023:14:32:27] Employee 3 instance deleted
[27:7:2023:14:32:27] Employee 3 enrolled in course 1
[27:7:2023:14:32:28] View Enrollments
[27:7:2023:14:32:41] 
Application Started
[27:7:2023:14:32:44] User wl2028 logged in
[27:7:2023:14:32:44] Initializing Training Manager
[27:7:2023:14:32:44] Course Menu
[27:7:2023:14:32:44] Course 1 instance created
[27:7:2023:14:32:45] Course 1 created
[27:7:2023:14:32:45] Training Manager Invoked
[27:7:2023:14:32:45] Course Menu
[27:7:2023:14:32:45] Course 2 instance created
[27:7:2023:14:32:45] Course 2 created
[27:7:2023:14:32:45] Training Manager Invoked
[27:7:2023:14:32:45] Course Menu
[27:7:2023:14:32:45] Course 3 instance created
[27:7:2023:14:32:45] Course 3 created
[27:7:2023:14:32:45] Training Manager Invoked
[27:7:2023:14:32:45] Course Menu
[27:7:2023:14:32:45] Course 4 instance created
[27:7:2023:14:32:46] Course 4 created
[27:7:2023:14:32:46] Training Manager Invoked
[27:7:2023:14:32:48] Employee Menu
[27:7:2023:14:32:48] Employee 1 instance created
[27:7:2023:14:32:48] Employee 1 created
[27:7:2023:14:32:48] Training Manager Invoked
[27:7:2023:14:32:49] Employee Menu
[27:7:2023:14:32:49] Employee 2 instance created
[27:7:2023:14:32:49] Employee 2 created
[27:7:2023:14:32:49] Training Manager Invoked
[27:7:2023:14:32:50] Employee Menu
[27:7:2023:14:32:50] Employee 3 instance created
[27:7:2023:14:32:50] Employee 3 created
[27:7:2023:14:32:50] Training Manager Invoked
[27:7:2023:14:32:51] Enroll employee Menu
[27:7:2023:14:32:51] Enroll Employee
[27:7:2023:14:32:52] Employee 1 selected
[27:7:2023:14:32:53] Course 1 selected
[27:7:2023:14:32:54] Course 1 instance deleted
[27:7:2023:14:32:54] Employee 1 instance deleted
[27:7:2023:14:32:54] Employee 1 enrolled in course 1
[27:7:2023:14:32:54] Enroll Employee
[27:7:2023:14:32:55] Employee 2 selected
[27:7:2023:14:32:57] Course 3 selected
[27:7:2023:14:32:57] Course 3 instance deleted
[27:7:2023:14:32:57] Employee 2 instance deleted
[27:7:2023:14:32:57] Employee 2 enrolled in course 3
[27:7:2023:14:32:58] View Enrollments
[27:7:2023:14:32:58] Exception : std::bad_alloc
[27:7:2023:14:34:39] 
Application Started
[27:7:2023:14:34:41] User wl2028 logged in
[27:7:2023:14:34:41] Initializing Training Manager
[27:7:2023:14:34:43] Enroll employee Menu
[27:7:2023:14:34:44] View Enrollments
[27:7:2023:14:34:45] Enroll Employee
[27:7:2023:14:34:51] Returning to Main Menu
[27:7:2023:14:34:51] Training Manager Invoked
[27:7:2023:14:35:26] Course Menu
[27:7:2023:14:35:26] Course 1 instance created
[27:7:2023:14:35:27] Course 1 created
[27:7:2023:14:35:27] Training Manager Invoked
[27:7:2023:14:35:27] Course Menu
[27:7:2023:14:35:27] Course 2 instance created
[27:7:2023:14:35:27] Course 2 created
[27:7:2023:14:35:27] Training Manager Invoked
[27:7:2023:14:35:27] Course Menu
[27:7:2023:14:35:27] Course 3 instance created
[27:7:2023:14:35:27] Course 3 created
[27:7:2023:14:35:27] Training Manager Invoked
[27:7:2023:14:35:28] Employee Menu
[27:7:2023:14:35:28] Employee 1 instance created
[27:7:2023:14:35:28] Employee 1 created
[27:7:2023:14:35:28] Training Manager Invoked
[27:7:2023:14:35:28] Employee Menu
[27:7:2023:14:35:28] Employee 2 instance created
[27:7:2023:14:35:29] Employee 2 created
[27:7:2023:14:35:29] Training Manager Invoked
[27:7:2023:14:35:30] Enroll employee Menu
[27:7:2023:14:35:30] Enroll Employee
[27:7:2023:14:35:31] Employee 1 selected
[27:7:2023:14:35:31] Course 2 selected
[27:7:2023:14:35:32] Course 2 instance deleted
[27:7:2023:14:35:32] Employee 1 instance deleted
[27:7:2023:14:35:32] Employee 1 enrolled in course 2
[27:7:2023:14:35:33] View Enrollments
[27:7:2023:14:35:33] Exception : std::bad_alloc
[27:7:2023:14:36:19] 
Application Started
[27:7:2023:14:36:23] User wl2028 logged in
[27:7:2023:14:36:23] Initializing Training Manager
[27:7:2023:14:36:24] Course Menu
[27:7:2023:14:36:24] Course 1 instance created
[27:7:2023:14:36:24] Course 1 created
[27:7:2023:14:36:24] Training Manager Invoked
[27:7:2023:14:36:25] Course Menu
[27:7:2023:14:36:25] Course 2 instance created
[27:7:2023:14:36:25] Course 2 created
[27:7:2023:14:36:25] Training Manager Invoked
[27:7:2023:14:36:25] Course Menu
[27:7:2023:14:36:25] Course 3 instance created
[27:7:2023:14:36:25] Course 3 created
[27:7:2023:14:36:25] Training Manager Invoked
[27:7:2023:14:36:25] Employee Menu
[27:7:2023:14:36:25] Employee 1 instance created
[27:7:2023:14:36:26] Employee 1 created
[27:7:2023:14:36:26] Training Manager Invoked
[27:7:2023:14:36:26] Employee Menu
[27:7:2023:14:36:26] Employee 2 instance created
[27:7:2023:14:36:26] Employee 2 created
[27:7:2023:14:36:26] Training Manager Invoked
[27:7:2023:14:36:27] Employee Menu
[27:7:2023:14:36:27] Employee 3 instance created
[27:7:2023:14:36:27] Employee 3 created
[27:7:2023:14:36:27] Training Manager Invoked
[27:7:2023:14:36:28] Enroll employee Menu
[27:7:2023:14:36:28] Enroll Employee
[27:7:2023:14:36:29] Employee 1 selected
[27:7:2023:14:36:31] Course 3 selected
[27:7:2023:14:36:31] Course 3 instance deleted
[27:7:2023:14:36:31] Employee 1 instance deleted
[27:7:2023:14:36:31] Employee 1 enrolled in course 3
[27:7:2023:14:36:32] View Enrollments
[27:7:2023:14:37:53] 
Application Started
[27:7:2023:14:37:55] User wl2028 logged in
[27:7:2023:14:37:55] Initializing Training Manager
[27:7:2023:14:37:56] Course Menu
[27:7:2023:14:37:56] Course 1 instance created
[27:7:2023:14:37:56] Course 1 created
[27:7:2023:14:37:56] Training Manager Invoked
[27:7:2023:14:37:56] Course Menu
[27:7:2023:14:37:56] Course 2 instance created
[27:7:2023:14:37:56] Course 2 created
[27:7:2023:14:37:56] Training Manager Invoked
[27:7:2023:14:37:56] Course Menu
[27:7:2023:14:37:56] Course 3 instance created
[27:7:2023:14:37:58] Course 3 created
[27:7:2023:14:37:58] Training Manager Invoked
[27:7:2023:14:37:58] Employee Menu
[27:7:2023:14:37:58] Employee 1 instance created
[27:7:2023:14:37:58] Employee 1 created
[27:7:2023:14:37:58] Training Manager Invoked
[27:7:2023:14:37:59] Employee Menu
[27:7:2023:14:37:59] Employee 2 instance created
[27:7:2023:14:37:59] Employee 2 created
[27:7:2023:14:37:59] Training Manager Invoked
[27:7:2023:14:38:0] Enroll employee Menu
[27:7:2023:14:38:1] Enroll Employee
[27:7:2023:14:38:2] Employee 1 selected
[27:7:2023:14:38:3] Course 3 selected
[27:7:2023:14:38:4] Course 3 instance deleted
[27:7:2023:14:38:4] Employee 1 instance deleted
[27:7:2023:14:38:4] Employee 1 enrolled in course 3
[27:7:2023:14:38:5] View Enrollments
[27:7:2023:14:38:33] 
Application Started
[27:7:2023:14:38:37] User wl2028 logged in
[27:7:2023:14:38:37] Initializing Training Manager
[27:7:2023:14:38:37] Course Menu
[27:7:2023:14:38:37] Course 1 instance created
[27:7:2023:14:38:38] Course 1 created
[27:7:2023:14:38:38] Training Manager Invoked
[27:7:2023:14:38:38] Course Menu
[27:7:2023:14:38:38] Course 2 instance created
[27:7:2023:14:38:38] Course 2 created
[27:7:2023:14:38:38] Training Manager Invoked
[27:7:2023:14:38:38] Course Menu
[27:7:2023:14:38:38] Course 3 instance created
[27:7:2023:14:38:39] Course 3 created
[27:7:2023:14:38:39] Training Manager Invoked
[27:7:2023:14:38:39] Employee Menu
[27:7:2023:14:38:39] Employee 1 instance created
[27:7:2023:14:38:40] Employee 1 created
[27:7:2023:14:38:40] Training Manager Invoked
[27:7:2023:14:38:41] Employee Menu
[27:7:2023:14:38:41] Employee 2 instance created
[27:7:2023:14:38:41] Employee 2 created
[27:7:2023:14:38:41] Training Manager Invoked
[27:7:2023:14:38:42] Update Menu
[27:7:2023:14:38:47] Training Manager Invoked
[27:7:2023:14:38:49] Enroll employee Menu
[27:7:2023:14:38:49] Enroll Employee
[27:7:2023:14:38:50] Employee 1 selected
[27:7:2023:14:38:51] Course 1 selected
[27:7:2023:14:38:52] View Enrollments
[27:7:2023:14:39:29] 
Application Started
[27:7:2023:14:39:32] User wl2028 logged in
[27:7:2023:14:39:32] Initializing Training Manager
[27:7:2023:14:39:33] Course Menu
[27:7:2023:14:39:33] Course 1 instance created
[27:7:2023:14:39:33] Course 1 created
[27:7:2023:14:39:33] Training Manager Invoked
[27:7:2023:14:39:33] Course Menu
[27:7:2023:14:39:33] Course 2 instance created
[27:7:2023:14:39:33] Course 2 created
[27:7:2023:14:39:33] Training Manager Invoked
[27:7:2023:14:39:33] Course Menu
[27:7:2023:14:39:33] Course 3 instance created
[27:7:2023:14:39:34] Course 3 created
[27:7:2023:14:39:34] Training Manager Invoked
[27:7:2023:14:39:35] Application Exited
[27:7:2023:14:40:18] 
Application Started
[27:7:2023:14:40:21] User wl2028 logged in
[27:7:2023:14:40:21] Initializing Training Manager
[27:7:2023:14:40:22] Course Menu
[27:7:2023:14:40:22] Course 1 instance created
[27:7:2023:14:40:22] Course 1 created
[27:7:2023:14:40:22] Training Manager Invoked
[27:7:2023:14:40:22] Course Menu
[27:7:2023:14:40:22] Course 2 instance created
[27:7:2023:14:40:22] Course 2 created
[27:7:2023:14:40:22] Training Manager Invoked
[27:7:2023:14:40:23] Course Menu
[27:7:2023:14:40:23] Course 3 instance created
[27:7:2023:14:40:24] Course 3 created
[27:7:2023:14:40:24] Training Manager Invoked
[27:7:2023:14:40:24] Employee Menu
[27:7:2023:14:40:24] Employee 1 instance created
[27:7:2023:14:40:24] Employee 1 created
[27:7:2023:14:40:24] Training Manager Invoked
[27:7:2023:14:40:25] Employee Menu
[27:7:2023:14:40:25] Employee 2 instance created
[27:7:2023:14:40:25] Employee 2 created
[27:7:2023:14:40:25] Training Manager Invoked
[27:7:2023:14:40:26] Enroll employee Menu
[27:7:2023:14:40:27] Enroll Employee
[27:7:2023:14:40:28] Employee 1 selected
[27:7:2023:14:40:28] Course 1 selected
[27:7:2023:14:40:29] Employee 1 enrolled in course 1
[27:7:2023:14:40:30] Returning to Main Menu
[27:7:2023:14:40:30] Training Manager Invoked
[27:7:2023:14:40:32] Courses data saved
[27:7:2023:14:40:32] Employees data saved
[27:7:2023:14:40:32] Enrollment data saved
[27:7:2023:14:40:32] Saved
[27:7:2023:14:40:33] Training Manager Invoked
[27:7:2023:14:40:35] Enroll employee Menu
[27:7:2023:14:40:37] View Enrollments
[27:7:2023:14:40:46] Returning to Main Menu
[27:7:2023:14:40:46] Training Manager Invoked
[27:7:2023:14:40:48] Application Exited
[27:7:2023:14:40:50] 
Application Started
[27:7:2023:14:40:53] User wl2028 logged in
[27:7:2023:14:40:53] Initializing Training Manager
[27:7:2023:14:40:56] Course 1 instance created
[27:7:2023:14:40:56] Course 2 instance created
[27:7:2023:14:40:56] Course 3 instance created
[27:7:2023:14:40:56] Courses data loaded
[27:7:2023:14:40:56] Employee 1 instance created
[27:7:2023:14:40:56] Employee 2 instance created
[27:7:2023:14:40:56] Employees data loaded
[27:7:2023:14:40:58] Course 1 instance deleted
[27:7:2023:14:40:58] Employee 1 instance deleted
[27:7:2023:14:40:59] Enrollment data loaded
[27:7:2023:14:40:59] Loaded
[27:7:2023:14:41:0] Training Manager Invoked
[27:7:2023:14:41:1] Enroll employee Menu
[27:7:2023:14:41:3] View Enrollments
[27:7:2023:14:41:3] Exception : std::bad_alloc
[27:7:2023:14:57:37] 
Application Started
[27:7:2023:14:57:41] User wl2028 logged in
[27:7:2023:14:57:41] Initializing Training Manager
[27:7:2023:14:57:42] Course Menu
[27:7:2023:14:57:42] Course 1 instance created
[27:7:2023:14:57:42] Course 1 created
[27:7:2023:14:57:42] Training Manager Invoked
[27:7:2023:14:57:42] Course Menu
[27:7:2023:14:57:42] Course 2 instance created
[27:7:2023:14:57:42] Course 2 created
[27:7:2023:14:57:42] Training Manager Invoked
[27:7:2023:14:57:42] Course Menu
[27:7:2023:14:57:42] Course 3 instance created
[27:7:2023:14:57:42] Course 3 created
[27:7:2023:14:57:42] Training Manager Invoked
[27:7:2023:14:57:43] Course Menu
[27:7:2023:14:57:43] Course 4 instance created
[27:7:2023:14:57:43] Course 4 created
[27:7:2023:14:57:43] Training Manager Invoked
[27:7:2023:14:57:43] Course Menu
[27:7:2023:14:57:43] Course 5 instance created
[27:7:2023:14:57:44] Course 5 created
[27:7:2023:14:57:44] Training Manager Invoked
[27:7:2023:14:57:44] Employee Menu
[27:7:2023:14:57:44] Employee 1 instance created
[27:7:2023:14:57:44] Employee 1 created
[27:7:2023:14:57:44] Training Manager Invoked
[27:7:2023:14:57:45] Employee Menu
[27:7:2023:14:57:45] Employee 2 instance created
[27:7:2023:14:57:45] Employee 2 created
[27:7:2023:14:57:45] Training Manager Invoked
[27:7:2023:14:57:46] Enroll employee Menu
[27:7:2023:14:57:46] Enroll Employee
[27:7:2023:14:57:47] Employee 1 selected
[27:7:2023:14:57:48] Course 5 selected
[27:7:2023:14:57:50] Employee 1 enrolled in course 5
[27:7:2023:14:57:51] View Enrollments
[27:7:2023:14:57:53] Enroll Employee
[27:7:2023:14:57:54] Employee 2 selected
[27:7:2023:14:57:55] Course 2 selected
[27:7:2023:14:57:56] Employee 2 enrolled in course 2
[27:7:2023:14:57:57] View Enrollments
[27:7:2023:14:57:59] Returning to Main Menu
[27:7:2023:14:57:59] Training Manager Invoked
[27:7:2023:14:58:1] Courses data saved
[27:7:2023:14:58:1] Employees data saved
[27:7:2023:14:58:1] Enrollment data saved
[27:7:2023:14:58:1] Saved
[27:7:2023:14:58:2] Training Manager Invoked
[27:7:2023:14:58:4] Application Exited
[27:7:2023:14:58:6] 
Application Started
[27:7:2023:14:58:12] User wl2028 logged in
[27:7:2023:14:58:12] Initializing Training Manager
[27:7:2023:14:58:14] Course 1 instance created
[27:7:2023:14:58:14] Course 2 instance created
[27:7:2023:14:58:14] Course 3 instance created
[27:7:2023:14:58:14] Course 4 instance created
[27:7:2023:14:58:14] Course 5 instance created
[27:7:2023:14:58:14] Courses data loaded
[27:7:2023:14:58:14] Employee 1 instance created
[27:7:2023:14:58:14] Employee 2 instance created
[27:7:2023:14:58:14] Employees data loaded
[27:7:2023:14:58:16] Employee 1 enrolled in course 5
[27:7:2023:14:58:16] Employee 2 enrolled in course 2
[27:7:2023:14:58:16] Enrollment data loaded
[27:7:2023:14:58:16] Loaded
[27:7:2023:14:58:19] Training Manager Invoked
[27:7:2023:14:58:21] Enroll employee Menu
[27:7:2023:14:58:23] View Enrollments
[27:7:2023:14:58:43] 
Application Started
[27:7:2023:14:58:46] User wl2028 logged in
[27:7:2023:14:58:46] Initializing Training Manager
[27:7:2023:14:58:47] Course Menu
[27:7:2023:14:58:47] Course 1 instance created
[27:7:2023:14:59:4] Course 1 created
[27:7:2023:14:59:4] Training Manager Invoked
[27:7:2023:14:59:4] Course Menu
[27:7:2023:14:59:4] Course 2 instance created
[27:7:2023:14:59:25] Course 2 created
[27:7:2023:14:59:25] Training Manager Invoked
[27:7:2023:14:59:26] Course Menu
[27:7:2023:14:59:26] Course 3 instance created
[27:7:2023:14:59:49] Course 3 created
[27:7:2023:14:59:49] Training Manager Invoked
[27:7:2023:14:59:50] Course Menu
[27:7:2023:14:59:50] Course 4 instance created
[27:7:2023:14:59:57] Course 4 instance deleted
[27:7:2023:14:59:57] Course creation cancelled
[27:7:2023:14:59:57] Training Manager Invoked
[27:7:2023:14:59:58] Employee Menu
[27:7:2023:14:59:58] Employee 1 instance created
[27:7:2023:15:0:29] Employee 1 created
[27:7:2023:15:0:29] Training Manager Invoked
[27:7:2023:15:0:30] Employee Menu
[27:7:2023:15:0:30] Employee 2 instance created
[27:7:2023:15:0:57] Employee 2 created
[27:7:2023:15:0:57] Training Manager Invoked
[27:7:2023:15:0:57] Employee Menu
[27:7:2023:15:0:57] Employee 3 instance created
[27:7:2023:15:1:39] Employee 3 created
[27:7:2023:15:1:39] Training Manager Invoked
[27:7:2023:15:1:40] Employee Menu
[27:7:2023:15:1:40] Employee 4 instance created
[27:7:2023:15:2:9] Employee 4 created
[27:7:2023:15:2:9] Training Manager Invoked
[27:7:2023:15:2:12] Courses data saved
[27:7:2023:15:2:12] Employees data saved
[27:7:2023:15:2:12] Enrollment data saved
[27:7:2023:15:2:12] Saved
[27:7:2023:15:2:13] Training Manager Invoked
[27:7:2023:15:2:14] Generate report
[27:7:2023:15:2:22] Employee 1 instance deleted
[27:7:2023:15:2:22] Employee 2 instance deleted
[27:7:2023:15:2:22] Employee 3 instance deleted
[27:7:2023:15:2:22] Employee 4 instance deleted
[27:7:2023:15:2:22] Employee 3 instance deleted
[27:7:2023:15:2:22] Employee 2 instance deleted
[27:7:2023:15:2:22] Employee 4 instance deleted
[27:7:2023:15:2:22] Employee 1 instance deleted
[27:7:2023:15:2:22] Course Report Generated
[27:7:2023:15:3:35] Training Manager Invoked
[27:7:2023:15:3:40] Courses data saved
[27:7:2023:15:3:40] Employees data saved
[27:7:2023:15:3:40] Enrollment data saved
[27:7:2023:15:3:40] Saved
[27:7:2023:15:3:40] Training Manager Invoked
[27:7:2023:15:3:41] Generate report
[27:7:2023:15:3:42] Training Manager Invoked
[27:7:2023:15:3:44] Enroll employee Menu
[27:7:2023:15:3:45] Enroll Employee
[27:7:2023:15:3:50] Employee 1 selected
[27:7:2023:15:3:52] Course 1 selected
[27:7:2023:15:3:52] Employee 1 enrolled in course 1
[27:7:2023:15:3:54] Enroll Employee
[27:7:2023:15:3:55] Employee 2 selected
[27:7:2023:15:3:57] Course 2 selected
[27:7:2023:15:3:57] Employee 2 enrolled in course 2
[27:7:2023:15:3:59] Enroll Employee
[27:7:2023:15:4:1] Employee 3 selected
[27:7:2023:15:4:4] Course 1 selected
[27:7:2023:15:4:4] Employee 3 enrolled in course 1
[27:7:2023:15:4:5] Enroll Employee
[27:7:2023:15:4:7] Employee 4 selected
[27:7:2023:15:4:12] Course 3 selected
[27:7:2023:15:4:12] Employee 4 enrolled in course 3
[27:7:2023:15:4:14] View Enrollments
[27:7:2023:15:4:22] Returning to Main Menu
[27:7:2023:15:4:22] Training Manager Invoked
[27:7:2023:15:4:23] Courses data saved
[27:7:2023:15:4:23] Employees data saved
[27:7:2023:15:4:23] Enrollment data saved
[27:7:2023:15:4:23] Saved
[27:7:2023:15:4:24] Training Manager Invoked
[27:7:2023:15:4:25] Application Exited
[27:7:2023:15:4:32] 
Application Started
[27:7:2023:15:4:34] User wl2028 logged in
[27:7:2023:15:4:34] Initializing Training Manager
[27:7:2023:15:4:35] Course 1 instance created
[27:7:2023:15:4:35] Course 2 instance created
[27:7:2023:15:4:35] Course 3 instance created
[27:7:2023:15:4:35] Courses data loaded
[27:7:2023:15:4:35] Employee 1 instance created
[27:7:2023:15:4:35] Employee 2 instance created
[27:7:2023:15:4:35] Employee 3 instance created
[27:7:2023:15:4:35] Employee 4 instance created
[27:7:2023:15:4:35] Employees data loaded
[27:7:2023:15:4:35] Employee 1 enrolled in course 1
[27:7:2023:15:4:35] Employee 2 enrolled in course 2
[27:7:2023:15:4:35] Employee 3 enrolled in course 1
[27:7:2023:15:4:35] Employee 4 enrolled in course 3
[27:7:2023:15:4:35] Enrollment data loaded
[27:7:2023:15:4:35] Loaded
[27:7:2023:15:4:36] Training Manager Invoked
[27:7:2023:15:4:37] Enroll employee Menu
[27:7:2023:15:4:38] View Enrollments
[27:7:2023:15:5:4] 
Application Started
[27:7:2023:15:5:12] 

Application Started
[27:7:2023:15:5:14] User wl2028 logged in
[27:7:2023:15:5:14] Initializing Training Manager
[27:7:2023:15:5:16] Course 1 instance created
[27:7:2023:15:5:16] Course 2 instance created
[27:7:2023:15:5:16] Course 3 instance created
[27:7:2023:15:5:16] Courses data loaded
[27:7:2023:15:5:16] Employee 1 instance created
[27:7:2023:15:5:16] Employee 2 instance created
[27:7:2023:15:5:16] Employee 3 instance created
[27:7:2023:15:5:16] Employee 4 instance created
[27:7:2023:15:5:16] Employees data loaded
[27:7:2023:15:5:16] Employee 1 enrolled in course 1
[27:7:2023:15:5:16] Employee 2 enrolled in course 2
[27:7:2023:15:5:16] Employee 3 enrolled in course 1
[27:7:2023:15:5:16] Employee 4 enrolled in course 3
[27:7:2023:15:5:16] Enrollment data loaded
[27:7:2023:15:5:16] Loaded
[27:7:2023:15:5:16] Training Manager Invoked
[27:7:2023:15:5:18] Enroll employee Menu
[27:7:2023:15:5:18] View Enrollments
[27:7:2023:15:5:21] Returning to Main Menu
[27:7:2023:15:5:21] Training Manager Invoked
[27:7:2023:15:5:23] Generate report
[27:7:2023:15:5:24] Employee 1 instance deleted
[27:7:2023:15:5:24] Employee 2 instance deleted
[27:7:2023:15:5:24] Employee 3 instance deleted
[27:7:2023:15:5:24] Employee 4 instance deleted
[27:7:2023:15:5:24] Employee 3 instance deleted
[27:7:2023:15:5:24] Employee 2 instance deleted
[27:7:2023:15:5:24] Employee 4 instance deleted
[27:7:2023:15:5:24] Employee 1 instance deleted
[27:7:2023:15:5:24] Course Report Generated
[27:7:2023:15:10:31] 

Application Started
[27:7:2023:15:10:34] User wl2028 logged in
[27:7:2023:15:10:34] Initializing Training Manager
[27:7:2023:15:10:35] Course 1 instance created
[27:7:2023:15:10:35] Course 2 instance created
[27:7:2023:15:10:35] Course 3 instance created
[27:7:2023:15:10:35] Courses data loaded
[27:7:2023:15:10:35] Employee 1 instance created
[27:7:2023:15:10:35] Employee 2 instance created
[27:7:2023:15:10:35] Employee 3 instance created
[27:7:2023:15:10:35] Employee 4 instance created
[27:7:2023:15:10:35] Employees data loaded
[27:7:2023:15:10:35] Employee 1 enrolled in course 1
[27:7:2023:15:10:35] Employee 2 enrolled in course 2
[27:7:2023:15:10:35] Employee 3 enrolled in course 1
[27:7:2023:15:10:35] Employee 4 enrolled in course 3
[27:7:2023:15:10:35] Enrollment data loaded
[27:7:2023:15:10:35] Loaded
[27:7:2023:15:10:36] Training Manager Invoked
[27:7:2023:15:10:37] Enroll employee Menu
[27:7:2023:15:10:39] Returning to Main Menu
[27:7:2023:15:10:39] Training Manager Invoked
[27:7:2023:15:10:45] Enroll employee Menu
[27:7:2023:15:10:51] View Enrollments
[27:7:2023:15:10:53] Returning to Main Menu
[27:7:2023:15:10:53] Training Manager Invoked
